total:    31794710
drivers   22113900  69.5521300  %
arch      2132816   6.7080800   %
fs        1474624   4.6379500   %
sound     1447877   4.5538200   %
net       1237086   3.8908500   %
include   1208515   3.8009900   %
tools     910381    2.8633000   %
kernel    444359    1.3975800   %
lib       231681    .7286700    %
mm        185005    .5818700    %
crypto    107861    .3392400    %
security  107452    .3379500    %
block     66202     .2082100    %
scripts   46234     .1454100    %
samples   37049     .1165200    %
io_uring  17638     .0554700    %
ipc       9884      .0310800    %
virt      9441      .0296900    %
init      4285      .0134700    %
certs     899       .0028200    %
usr       702       .0022000    %
rust      110       .0003400    %
.         0         0           %
